C51 COMPILER V9.59.0.0   LED_BLINK                                                         09/07/2021 15:08:55 PAGE 1   


C51 COMPILER V9.59.0.0, COMPILATION OF MODULE LED_BLINK
OBJECT MODULE PLACED IN LED_Blink.OBJ
COMPILER INVOKED BY: C:\Keil_v5\C51\BIN\C51.EXE LED_Blink.c OPTIMIZE(8,SPEED) BROWSE DEBUG OBJECTEXTEND TABS(2)

line level    source

*** WARNING C500 IN LINE 1 OF LED_Blink.c: SERIAL NUMBER EXPIRED
   1          // ***** Program to Blink Alternate LED's on Port 2 ***** //
   2          #include <REGX51.H>
   3          #define LED P2
   4          // Software Delay 
   5          void delay(unsigned int del)
   6          {
   7   1        unsigned int i,j;
   8   1        for(i=0;i<=1275;i++)
   9   1          for(j=0;j<=del;j++);
  10   1      }
  11          // Main Loop
  12          void main()
  13          {
  14   1        // Infinite Loop
  15   1        while(1)
  16   1        {
  17   2          LED=0xaa;
  18   2          delay(10);
  19   2          LED=0x55;
  20   2          delay(10);
  21   2        }
  22   1      }


MODULE INFORMATION:   STATIC OVERLAYABLE
   CODE SIZE        =     50    ----
   CONSTANT SIZE    =   ----    ----
   XDATA SIZE       =   ----    ----
   PDATA SIZE       =   ----    ----
   DATA SIZE        =   ----    ----
   IDATA SIZE       =   ----    ----
   BIT SIZE         =   ----    ----
END OF MODULE INFORMATION.


C51 COMPILATION COMPLETE.  1 WARNING(S),  0 ERROR(S)
