C51 COMPILER V9.59.0.0   1                                                                 09/10/2021 13:41:33 PAGE 1   


C51 COMPILER V9.59.0.0, COMPILATION OF MODULE 1
OBJECT MODULE PLACED IN 1.OBJ
COMPILER INVOKED BY: C:\Keil_v5\C51\BIN\C51.EXE 1.c OPTIMIZE(8,SPEED) BROWSE DEBUG OBJECTEXTEND TABS(2)

line level    source

*** WARNING C500 IN LINE 1 OF 1.c: SERIAL NUMBER EXPIRED
   1          // ***** Program to Transmit and Send data via UART using Timer-1 Auto-Reload mode ***** //
   2          #include <REGX51.H>
   3          sbit SW = P1^0;
   4          void UART_init()
   5          {
   6   1        TMOD = 0x20;      // Mode 2 - 8 Bit Autoreload Mode, Timer1
   7   1        TH1  = 0xFD;      // 9600 bps Baud Rate
   8   1        SCON = 0x50;      // Setting the Serial Control Register 
   9   1        TR1  = 1;       // Starting the Timer
  10   1      }
  11          void main()
  12          {
  13   1        unsigned char z;
  14   1        unsigned char fname[] = "MANDEESH ";
  15   1        unsigned char lname[] = " SINGH ";
  16   1        UART_init();
  17   1        while(1)
  18   1        {
  19   2          if(SW == 0)
  20   2          {
  21   3            for(z = 0; z < 9; z++)
  22   3            {
  23   4              SBUF = fname[z];
  24   4              while(TI == 0);
  25   4              TI = 0;
  26   4            }
  27   3          }
  28   2          
  29   2          else
  30   2          {
  31   3            for(z = 0; z < 8; z++)
  32   3            {
  33   4              SBUF = lname[z];
  34   4              while(TI == 0);
  35   4              TI = 0;
  36   4            }
  37   3          }
  38   2        }
  39   1      }


MODULE INFORMATION:   STATIC OVERLAYABLE
   CODE SIZE        =    118    ----
   CONSTANT SIZE    =     18    ----
   XDATA SIZE       =   ----    ----
   PDATA SIZE       =   ----    ----
   DATA SIZE        =   ----      19
   IDATA SIZE       =   ----    ----
   BIT SIZE         =   ----    ----
END OF MODULE INFORMATION.


C51 COMPILATION COMPLETE.  1 WARNING(S),  0 ERROR(S)
