C51 COMPILER V9.59.0.0   KEYPAD_1                                                          09/09/2021 17:09:09 PAGE 1   


C51 COMPILER V9.59.0.0, COMPILATION OF MODULE KEYPAD_1
OBJECT MODULE PLACED IN Keypad_1.OBJ
COMPILER INVOKED BY: C:\Keil_v5\C51\BIN\C51.EXE Keypad_1.c OPTIMIZE(8,SPEED) BROWSE DEBUG OBJECTEXTEND TABS(2)

line level    source

*** WARNING C500 IN LINE 1 OF Keypad_1.c: SERIAL NUMBER EXPIRED
   1          // ***** Program to detect and identify a keypressed in a 4*4 Matrix ***** //
   2          #include <REGX52.H>
   3          #define LED P1
   4          sbit R1 = P0^0; 
   5          sbit R2 = P0^1;
   6          sbit R3 = P0^2;
   7          sbit R4 = P0^3;
   8          sbit C1 = P0^4;
   9          sbit C2 = P0^5;
  10          sbit C3 = P0^6;
  11          sbit C4 = P0^7;
  12          
  13          unsigned int k;
  14          unsigned int col1_detect();
  15          unsigned int col2_detect();
  16          unsigned int col3_detect();
  17          unsigned int col4_detect();
  18          
  19          void key_function(unsigned int);
  20          void delay(unsigned int del)
  21            {
  22   1         unsigned int i,j;
  23   1         for(i=0;i<=1275;i++)
  24   1           for(j=0;j<=del;j++);
  25   1        }
  26          void main()
  27            { 
  28   1         while(1)
  29   1           {
  30   2           R1=0;R2=0;R3=0;R4=0;
  31   2          if(C1==0)
  32   2            {
  33   3           delay(5);
  34   3           k=col1_detect();
  35   3           key_function(k);
  36   3          }  
  37   2        else if(C2==0)
  38   2            {
  39   3           delay(5);
  40   3           k=col2_detect();
  41   3           key_function(k);
  42   3          }       
  43   2          else if(C3==0)
  44   2            {
  45   3           delay(5);
  46   3           k=col3_detect();
  47   3           key_function(k);
  48   3          }
  49   2        else if(C4==0)
  50   2            {
  51   3           delay(5);
  52   3           k=col4_detect();
  53   3           key_function(k);
  54   3            }
C51 COMPILER V9.59.0.0   KEYPAD_1                                                          09/09/2021 17:09:09 PAGE 2   

  55   2         }
  56   1        }
  57          unsigned int col1_detect()
  58           {
  59   1         R1=0;R2=1;R3=1;R4=1;
  60   1         if(C1==0)
  61   1           {
  62   2            //while(!C1);
  63   2        return(1);
  64   2         }
  65   1        R1=1;R2=0;R3=1;R4=1;
  66   1         if(C1==0)
  67   1           {
  68   2          //while(!C1);
  69   2          return(5);
  70   2         }
  71   1        R1=1;R2=1;R3=0;R4=1;
  72   1          if(C1==0)
  73   1           {
  74   2          //while(!C1);
  75   2          return(9);
  76   2         }
  77   1        R1=1;R2=1;R3=1;R4=0;
  78   1         if(C1==0)
  79   1          {
  80   2         //while(!C1);
  81   2         return(13);
  82   2        }
  83   1        }
  84          // ************************ //
  85          unsigned int col2_detect()
  86            {
  87   1         R1=0;R2=1;R3=1;R4=1;
  88   1         if(C2==0)
  89   1           {
  90   2         // while(!C2);
  91   2          return(2);
  92   2         }
  93   1          R1=1;R2=0;R3=1;R4=1;
  94   1          if(C2==0)
  95   1           {
  96   2         // while(!C2);
  97   2          return(6);
  98   2         }   
  99   1         R1=1;R2=1;R3=0;R4=1;
 100   1         if(C2==0)
 101   1           {
 102   2          //while(!C2);
 103   2          return(10);
 104   2         }
 105   1          R1=1;R2=1;R3=1;R4=0;
 106   1          if(C2==0)
 107   1           {
 108   2         // while(!C2);
 109   2          return(14);
 110   2         }
 111   1        }
 112          // ************************ //
 113          unsigned int col3_detect()
 114            {
 115   1          R1=0;R2=1;R3=1;R4=1;
 116   1         if(C3==0)
C51 COMPILER V9.59.0.0   KEYPAD_1                                                          09/09/2021 17:09:09 PAGE 3   

 117   1           {
 118   2         // while(!C3);
 119   2          return(3);
 120   2         }
 121   1          R1=1;R2=0;R3=1;R4=1;
 122   1          if(C3==0)
 123   1           {
 124   2         // while(!C3);
 125   2          return(7);
 126   2         }
 127   1          R1=1;R2=1;R3=0;R4=1;
 128   1          if(C3==0)
 129   1           {
 130   2          //while(!C3);
 131   2          return(11);
 132   2         }
 133   1          R1=1;R2=1;R3=1;R4=0;
 134   1          if(C3==0)
 135   1           {
 136   2          //while(!C3);
 137   2          return(15);
 138   2         }
 139   1         }
 140          // ************************ //
 141          unsigned int col4_detect()
 142            { 
 143   1         R1=0;R2=1;R3=1;R4=1;
 144   1         if(C4==0)
 145   1           {
 146   2         // while(!C4);
 147   2          return(4);
 148   2         }
 149   1          R1=1;R2=0;R3=1;R4=1;
 150   1          if(C4==0)
 151   1           {
 152   2         // while(!C4);
 153   2          return(8);
 154   2         }
 155   1          R1=1;R2=1;R3=0;R4=1;
 156   1          if(C4==0)
 157   1           {
 158   2          //while(!C4);
 159   2          return(12);
 160   2         }
 161   1         R1=1;R2=1;R3=1;R4=0;
 162   1         if(C4==0)
 163   1          {
 164   2         // while(!C4);
 165   2          return(16);
 166   2         }
 167   1         }
 168            
 169          void key_function(unsigned int key)
 170             {
 171   1          switch(key)
 172   1          {
 173   2           case 1: LED=0x00;
 174   2                 break;
 175   2           case 2: LED=0x01;
 176   2                   break;
 177   2           case 3: LED=0x02;
 178   2                   break;
C51 COMPILER V9.59.0.0   KEYPAD_1                                                          09/09/2021 17:09:09 PAGE 4   

 179   2           case 4: LED=0x03;
 180   2                   break;
 181   2           case 5: LED=0x04;
 182   2                   break;
 183   2           case 6: LED=0x05;
 184   2                   break;
 185   2           case 7: LED=0x06;
 186   2                   break;
 187   2           case 8: LED=0x07;
 188   2                   break;
 189   2           case 9: LED=0x08;
 190   2                   break;
 191   2           case 10: LED=0x09;
 192   2                   break;
 193   2           case 11: LED=0x0a;
 194   2                   break;
 195   2           case 12: LED=0x0b;
 196   2                   break;
 197   2           case 13: LED=0x0c;
 198   2                   break;
 199   2           case 14: LED=0x0d;
 200   2                   break;
 201   2           case 15: LED=0x0e;
 202   2                   break;
 203   2           case 16: LED=0x0f;
 204   2                   break;
 205   2         //  default: LED = 0xff;
 206   2         //       break;
 207   2          }
 208   1         } 
 209                
*** WARNING C291 IN LINE 83 OF Keypad_1.c: not every exit path returns a value
*** WARNING C291 IN LINE 111 OF Keypad_1.c: not every exit path returns a value
*** WARNING C291 IN LINE 139 OF Keypad_1.c: not every exit path returns a value
*** WARNING C291 IN LINE 167 OF Keypad_1.c: not every exit path returns a value


MODULE INFORMATION:   STATIC OVERLAYABLE
   CODE SIZE        =    500    ----
   CONSTANT SIZE    =   ----    ----
   XDATA SIZE       =   ----    ----
   PDATA SIZE       =   ----    ----
   DATA SIZE        =      2    ----
   IDATA SIZE       =   ----    ----
   BIT SIZE         =   ----    ----
END OF MODULE INFORMATION.


C51 COMPILATION COMPLETE.  5 WARNING(S),  0 ERROR(S)
