C51 COMPILER V9.59.0.0   1                                                                 09/10/2021 13:38:31 PAGE 1   


C51 COMPILER V9.59.0.0, COMPILATION OF MODULE 1
OBJECT MODULE PLACED IN 1.OBJ
COMPILER INVOKED BY: C:\Keil_v5\C51\BIN\C51.EXE 1.c OPTIMIZE(8,SPEED) BROWSE DEBUG OBJECTEXTEND TABS(2)

line level    source

*** WARNING C500 IN LINE 1 OF 1.c: SERIAL NUMBER EXPIRED
   1          // ***** Program to use the Timer Module as a Counter (Timer0 : Mode 2) ***** //
   2          #include <REGX51.H>
   3          sbit PIN = P3^5;
   4          void main()
   5          {
   6   1        int i;
   7   1        PIN = 1;
   8   1        TMOD = 0x06;
   9   1        TH0 = 0;
  10   1        do
  11   1        {
  12   2          TR0 = 1;
  13   2          P0 = TL0;
  14   2          i = P1;
  15   2        }
  16   1        while(TF0 == 0);
  17   1        TR0 = 0;
  18   1        TF0 = 0;
  19   1      }


MODULE INFORMATION:   STATIC OVERLAYABLE
   CODE SIZE        =     28    ----
   CONSTANT SIZE    =   ----    ----
   XDATA SIZE       =   ----    ----
   PDATA SIZE       =   ----    ----
   DATA SIZE        =   ----       2
   IDATA SIZE       =   ----    ----
   BIT SIZE         =   ----    ----
END OF MODULE INFORMATION.


C51 COMPILATION COMPLETE.  1 WARNING(S),  0 ERROR(S)
