C51 COMPILER V9.59.0.0   MAIN                                                              09/10/2021 18:29:53 PAGE 1   


C51 COMPILER V9.59.0.0, COMPILATION OF MODULE MAIN
OBJECT MODULE PLACED IN main.OBJ
COMPILER INVOKED BY: C:\Keil_v5\C51\BIN\C51.EXE main.c OPTIMIZE(8,SPEED) BROWSE DEBUG OBJECTEXTEND TABS(2)

line level    source

*** WARNING C500 IN LINE 1 OF main.c: SERIAL NUMBER EXPIRED
   1          #include <REG52.H>
   2          /*=============================================================================
   3          =============================================================================*/
   4          unsigned char ex0_isr_counter = 0;
   5          
   6          void ex0_isr (void) interrupt 0
   7          {
   8   1        ex0_isr_counter++;   // Increment the count
   9   1      }
  10          
  11          /*=============================================================================
  12          =============================================================================*/
  13          void main (void)
  14          {
  15   1      
  16   1      /*-----------------------------------------------
  17   1      Configure INT0 (external interrupt 0) to generate
  18   1      an interrupt on the falling-edge of /INT0 (P3.2).
  19   1      Enable the EX0 interrupt and then enable the
  20   1      global interrupt flag.
  21   1      -----------------------------------------------*/
  22   1      IT0 = 1;   // Configure interrupt 0 for falling edge on /INT0 (P3.2)
  23   1      EX0 = 1;   // Enable EX0 Interrupt
  24   1      EA = 1;    // Enable Global Interrupt Flag
  25   1      
  26   1      /*-----------------------------------------------
  27   1      Wait forever.
  28   1      -----------------------------------------------*/
  29   1        while (1)
  30   1        {
  31   2          
  32   2        }
  33   1      }
  34          
  35          /*=============================================================================
  36          =============================================================================*/
  37          


MODULE INFORMATION:   STATIC OVERLAYABLE
   CODE SIZE        =     11    ----
   CONSTANT SIZE    =   ----    ----
   XDATA SIZE       =   ----    ----
   PDATA SIZE       =   ----    ----
   DATA SIZE        =      1    ----
   IDATA SIZE       =   ----    ----
   BIT SIZE         =   ----    ----
END OF MODULE INFORMATION.


C51 COMPILATION COMPLETE.  1 WARNING(S),  0 ERROR(S)
