C51 COMPILER V9.59.0.0   RELAY_1                                                           09/10/2021 13:33:21 PAGE 1   


C51 COMPILER V9.59.0.0, COMPILATION OF MODULE RELAY_1
OBJECT MODULE PLACED IN Relay_1.OBJ
COMPILER INVOKED BY: C:\Keil_v5\C51\BIN\C51.EXE Relay_1.c OPTIMIZE(8,SPEED) BROWSE DEBUG OBJECTEXTEND TABS(2)

line level    source

*** WARNING C500 IN LINE 1 OF Relay_1.c: SERIAL NUMBER EXPIRED
   1          #include <REGX51.H>
   2          sbit REL1 = P1^0;
   3          sbit REL2 = P1^1;
   4          sbit SW1 = P3^0;
   5          sbit SW2 = P3^1;
   6          void delay(unsigned int del)
   7            {
   8   1         unsigned int i,j;
   9   1         for(i=0;i<=1275;i++)
  10   1           for(j=0;j<=del;j++);
  11   1        }
  12          void main()
  13            { P1= 0x00;
  14   1         
  15   1         while(1)
  16   1           {
  17   2          if(SW1==0)
  18   2            {
  19   3           delay(5);
  20   3             REL1=1;
  21   3          }
  22   2          else if(SW2==0)
  23   2            {
  24   3           delay(5);
  25   3             REL2=1;
  26   3          }
  27   2           else   
  28   2           P1=0x00;  
  29   2         }
  30   1      
  31   1        }


MODULE INFORMATION:   STATIC OVERLAYABLE
   CODE SIZE        =     68    ----
   CONSTANT SIZE    =   ----    ----
   XDATA SIZE       =   ----    ----
   PDATA SIZE       =   ----    ----
   DATA SIZE        =   ----    ----
   IDATA SIZE       =   ----    ----
   BIT SIZE         =   ----    ----
END OF MODULE INFORMATION.


C51 COMPILATION COMPLETE.  1 WARNING(S),  0 ERROR(S)
