C51 COMPILER V9.59.0.0   LED_SW                                                            09/07/2021 15:16:42 PAGE 1   


C51 COMPILER V9.59.0.0, COMPILATION OF MODULE LED_SW
OBJECT MODULE PLACED IN LED_SW.OBJ
COMPILER INVOKED BY: C:\Keil_v5\C51\BIN\C51.EXE LED_SW.c OPTIMIZE(8,SPEED) BROWSE DEBUG OBJECTEXTEND TABS(2)

line level    source

*** WARNING C500 IN LINE 1 OF LED_SW.c: SERIAL NUMBER EXPIRED
   1          // ***** Program to Blink LED's based on Switch pressed  ***** //
   2          #include <REGX51.H>
   3          #define LED P2
   4          sbit SW1 = P1^0;
   5          sbit SW2 = P1^1;
   6          sbit SW3 = P1^2;
   7          sbit SW4 = P1^3;
   8          
   9          void delay(unsigned int del)
  10          {
  11   1        unsigned int i,j;
  12   1        for(i=0;i<=1275;i++)
  13   1          for(j=0;j<=del;j++);
  14   1      }
  15          void main()
  16          {
  17   1        while(1)
  18   1        {
  19   2          if(SW1==0)
  20   2          {
  21   3            delay(5);
  22   3            LED=0x01;
  23   3          }
  24   2          else if(SW2==0)
  25   2          {
  26   3            delay(5);
  27   3            LED=0x02;
  28   3          }
  29   2          else if(SW3==0)
  30   2          {
  31   3            delay(5);
  32   3            LED=0xaa;
  33   3          }
  34   2          else if(SW4 == 0)
  35   2          {
  36   3            delay(5);
  37   3            LED=0x00;
  38   3          }
  39   2          else
  40   2          { 
  41   3            LED = 0xff;
  42   3          }      
  43   2        }
  44   1      }


MODULE INFORMATION:   STATIC OVERLAYABLE
   CODE SIZE        =     85    ----
   CONSTANT SIZE    =   ----    ----
   XDATA SIZE       =   ----    ----
   PDATA SIZE       =   ----    ----
   DATA SIZE        =   ----    ----
   IDATA SIZE       =   ----    ----
   BIT SIZE         =   ----    ----
C51 COMPILER V9.59.0.0   LED_SW                                                            09/07/2021 15:16:42 PAGE 2   

END OF MODULE INFORMATION.


C51 COMPILATION COMPLETE.  1 WARNING(S),  0 ERROR(S)
